[00:34:30] [Server thread/INFO]: Starting minecraft server version 1.8.9
[00:34:30] [Server thread/INFO]: Loading properties
[00:34:30] [Server thread/INFO]: Default game type: SURVIVAL
[00:34:30] [Server thread/INFO]: Generating keypair
[00:34:30] [Server thread/INFO]: Starting Minecraft server on *:25565
[00:34:30] [Server thread/INFO]: Using epoll channel type
[00:34:31] [Server thread/WARN]: **** SERVER IS RUNNING IN OFFLINE/INSECURE MODE!
[00:34:31] [Server thread/WARN]: The server will make no attempt to authenticate usernames. Beware.
[00:34:31] [Server thread/WARN]: While this makes the game possible to play without internet access, it also opens up the ability for hackers to connect with any username they choose.
[00:34:31] [Server thread/WARN]: To change this, set "online-mode" to "true" in the server.properties file.
[00:34:31] [Server thread/INFO]: Preparing level "world"
[00:34:31] [Server thread/INFO]: Preparing start region for level 0
[00:34:32] [Server thread/INFO]: Preparing spawn area: 80%
[00:34:32] [Server thread/INFO]: Done (1.293s)! For help, type "help" or "?"
[00:34:43] [Server thread/INFO]: Akukis[/172.29.156.190:55133] logged in with entity id 186 at (-270.74369968643236, 69.0, 37.430635118612784)
[00:34:43] [Server thread/INFO]: Akukis joined the game
[00:34:55] [Server thread/INFO]: Akukis fell out of the world
[00:34:55] [Server thread/INFO]: [Akukis: Killed Akukis]
[00:35:44] [Server thread/INFO]: Akukis has just earned the achievement [Getting Wood]
[00:36:31] [Server thread/INFO]: Akukis has just earned the achievement [Benchmarking]
[00:36:40] [Server thread/INFO]: Akukis has just earned the achievement [Time to Mine!]
[00:37:04] [Server thread/INFO]: Game rule has been updated
[00:37:36] [Server thread/INFO]: Akukis has just earned the achievement [Getting an Upgrade]
[00:37:57] [Server thread/INFO]: siganconsumiendo[/172.29.56.168:49910] logged in with entity id 6871 at (-295.3412517037212, 62.0, 78.69999998807907)
[00:37:57] [Server thread/INFO]: siganconsumiendo joined the game
[00:38:39] [Server thread/INFO]: Akukis has just earned the achievement [Time to Strike!]
[00:40:01] [Server thread/INFO]: siganconsumiendo was slain by Zombie
[00:40:48] [Server thread/INFO]: Akukis has just earned the achievement [Monster Hunter]
[00:41:26] [Server thread/INFO]: Akukis has just earned the achievement [Hot Topic]
[00:48:41] [Server thread/INFO]: Akukis has just earned the achievement [Acquire Hardware]
[00:49:25] [Server thread/INFO]: [Akukis: Set own game mode to Creative Mode]
[00:50:30] [Server thread/INFO]: [Akukis: Set own game mode to Survival Mode]
[00:51:50] [Server thread/INFO]: Akukis has just earned the achievement [Cow Tipper]
[00:53:23] [Server thread/INFO]: siganconsumiendo has just earned the achievement [Getting Wood]
[00:54:10] [Server thread/INFO]: siganconsumiendo has just earned the achievement [Benchmarking]
[00:54:21] [Server thread/INFO]: siganconsumiendo lost connection: TextComponent{text='Disconnected', siblings=[], style=Style{hasParent=false, color=null, bold=null, italic=null, underlined=null, obfuscated=null, clickEvent=null, hoverEvent=null, insertion=null}}
[00:54:21] [Server thread/INFO]: siganconsumiendo left the game
[00:54:21] [Server thread/INFO]: [Akukis: Kicked siganconsumiendo from the game]
[00:54:21] [Server thread/WARN]: handleDisconnection() called twice
[00:54:29] [Server thread/INFO]: siganconsumiendo[/172.29.56.168:50038] logged in with entity id 41559 at (-296.30000001192093, 68.0, 64.45102887846248)
[00:54:29] [Server thread/INFO]: siganconsumiendo joined the game
